{"/home/marcelo/Desenvolvimento/Projetos/javascript/otavio-lemos/thewisepad-core/src/entities/email.ts": {"path":"/home/marcelo/Desenvolvimento/Projetos/javascript/otavio-lemos/thewisepad-core/src/entities/email.ts","statementMap":{"0":{"start":{"line":8,"column":4},"end":{"line":8,"column":null}},"1":{"start":{"line":12,"column":4},"end":{"line":14,"column":null}},"2":{"start":{"line":18,"column":4},"end":{"line":20,"column":null}},"3":{"start":{"line":19,"column":6},"end":{"line":19,"column":null}},"4":{"start":{"line":22,"column":4},"end":{"line":24,"column":null}},"5":{"start":{"line":23,"column":6},"end":{"line":23,"column":null}},"6":{"start":{"line":27,"column":6},"end":{"line":27,"column":null}},"7":{"start":{"line":29,"column":4},"end":{"line":31,"column":null}},"8":{"start":{"line":30,"column":6},"end":{"line":30,"column":null}},"9":{"start":{"line":33,"column":28},"end":{"line":33,"column":null}},"10":{"start":{"line":34,"column":4},"end":{"line":36,"column":null}},"11":{"start":{"line":35,"column":6},"end":{"line":35,"column":null}},"12":{"start":{"line":38,"column":4},"end":{"line":40,"column":null}},"13":{"start":{"line":39,"column":6},"end":{"line":39,"column":null}},"14":{"start":{"line":42,"column":24},"end":{"line":42,"column":null}},"15":{"start":{"line":43,"column":4},"end":{"line":49,"column":null}},"16":{"start":{"line":45,"column":8},"end":{"line":45,"column":null}},"17":{"start":{"line":48,"column":6},"end":{"line":48,"column":null}},"18":{"start":{"line":51,"column":4},"end":{"line":51,"column":null}}},"fnMap":{"0":{"name":"(anonymous_0)","decl":{"start":{"line":7,"column":10},"end":{"line":7,"column":22}},"loc":{"start":{"line":7,"column":37},"end":{"line":9,"column":null}}},"1":{"name":"(anonymous_1)","decl":{"start":{"line":11,"column":2},"end":{"line":11,"column":16}},"loc":{"start":{"line":11,"column":72},"end":{"line":15,"column":null}}},"2":{"name":"(anonymous_2)","decl":{"start":{"line":17,"column":2},"end":{"line":17,"column":9}},"loc":{"start":{"line":17,"column":42},"end":{"line":52,"column":null}}},"3":{"name":"(anonymous_3)","decl":{"start":{"line":44,"column":23},"end":{"line":44,"column":33}},"loc":{"start":{"line":44,"column":39},"end":{"line":46,"column":7}}}},"branchMap":{"0":{"loc":{"start":{"line":12,"column":11},"end":{"line":14,"column":null}},"type":"cond-expr","locations":[{"start":{"line":13,"column":8},"end":{"line":13,"column":null}},{"start":{"line":14,"column":8},"end":{"line":14,"column":null}}]},"1":{"loc":{"start":{"line":18,"column":4},"end":{"line":20,"column":null}},"type":"if","locations":[{"start":{"line":18,"column":4},"end":{"line":20,"column":null}},{"start":{"line":18,"column":4},"end":{"line":20,"column":null}}]},"2":{"loc":{"start":{"line":22,"column":4},"end":{"line":24,"column":null}},"type":"if","locations":[{"start":{"line":22,"column":4},"end":{"line":24,"column":null}},{"start":{"line":22,"column":4},"end":{"line":24,"column":null}}]},"3":{"loc":{"start":{"line":29,"column":4},"end":{"line":31,"column":null}},"type":"if","locations":[{"start":{"line":29,"column":4},"end":{"line":31,"column":null}},{"start":{"line":29,"column":4},"end":{"line":31,"column":null}}]},"4":{"loc":{"start":{"line":34,"column":4},"end":{"line":36,"column":null}},"type":"if","locations":[{"start":{"line":34,"column":4},"end":{"line":36,"column":null}},{"start":{"line":34,"column":4},"end":{"line":36,"column":null}}]},"5":{"loc":{"start":{"line":34,"column":8},"end":{"line":34,"column":49}},"type":"binary-expr","locations":[{"start":{"line":34,"column":8},"end":{"line":34,"column":29}},{"start":{"line":34,"column":29},"end":{"line":34,"column":49}}]},"6":{"loc":{"start":{"line":38,"column":4},"end":{"line":40,"column":null}},"type":"if","locations":[{"start":{"line":38,"column":4},"end":{"line":40,"column":null}},{"start":{"line":38,"column":4},"end":{"line":40,"column":null}}]},"7":{"loc":{"start":{"line":38,"column":8},"end":{"line":38,"column":52}},"type":"binary-expr","locations":[{"start":{"line":38,"column":8},"end":{"line":38,"column":31}},{"start":{"line":38,"column":31},"end":{"line":38,"column":52}}]},"8":{"loc":{"start":{"line":43,"column":4},"end":{"line":49,"column":null}},"type":"if","locations":[{"start":{"line":43,"column":4},"end":{"line":49,"column":null}},{"start":{"line":43,"column":4},"end":{"line":49,"column":null}}]}},"s":{"0":3,"1":4,"2":16,"3":1,"4":15,"5":1,"6":14,"7":14,"8":7,"9":7,"10":7,"11":1,"12":6,"13":1,"14":5,"15":5,"16":9,"17":1,"18":4},"f":{"0":3,"1":4,"2":16,"3":9},"b":{"0":[3,1],"1":[1,15],"2":[1,14],"3":[7,7],"4":[1,6],"5":[7,6],"6":[1,5],"7":[6,5],"8":[1,4]}}
,"/home/marcelo/Desenvolvimento/Projetos/javascript/otavio-lemos/thewisepad-core/src/entities/note.ts": {"path":"/home/marcelo/Desenvolvimento/Projetos/javascript/otavio-lemos/thewisepad-core/src/entities/note.ts","statementMap":{"0":{"start":{"line":11,"column":4},"end":{"line":11,"column":null}},"1":{"start":{"line":12,"column":4},"end":{"line":12,"column":null}},"2":{"start":{"line":16,"column":4},"end":{"line":16,"column":null}},"3":{"start":{"line":20,"column":4},"end":{"line":20,"column":null}},"4":{"start":{"line":24,"column":25},"end":{"line":24,"column":null}},"5":{"start":{"line":26,"column":4},"end":{"line":26,"column":null}},"6":{"start":{"line":26,"column":31},"end":{"line":26,"column":null}},"7":{"start":{"line":28,"column":4},"end":{"line":28,"column":null}}},"fnMap":{"0":{"name":"(anonymous_0)","decl":{"start":{"line":10,"column":10},"end":{"line":10,"column":22}},"loc":{"start":{"line":10,"column":49},"end":{"line":13,"column":null}}},"1":{"name":"(anonymous_1)","decl":{"start":{"line":15,"column":2},"end":{"line":15,"column":6}},"loc":{"start":{"line":15,"column":14},"end":{"line":17,"column":null}}},"2":{"name":"(anonymous_2)","decl":{"start":{"line":19,"column":2},"end":{"line":19,"column":6}},"loc":{"start":{"line":19,"column":14},"end":{"line":21,"column":null}}},"3":{"name":"(anonymous_3)","decl":{"start":{"line":23,"column":2},"end":{"line":23,"column":9}},"loc":{"start":{"line":23,"column":77},"end":{"line":29,"column":null}}}},"branchMap":{"0":{"loc":{"start":{"line":26,"column":4},"end":{"line":26,"column":null}},"type":"if","locations":[{"start":{"line":26,"column":4},"end":{"line":26,"column":null}},{"start":{"line":26,"column":4},"end":{"line":26,"column":null}}]}},"s":{"0":1,"1":1,"2":1,"3":1,"4":2,"5":2,"6":1,"7":1},"f":{"0":1,"1":1,"2":1,"3":2},"b":{"0":[1,1]}}
,"/home/marcelo/Desenvolvimento/Projetos/javascript/otavio-lemos/thewisepad-core/src/entities/title.ts": {"path":"/home/marcelo/Desenvolvimento/Projetos/javascript/otavio-lemos/thewisepad-core/src/entities/title.ts","statementMap":{"0":{"start":{"line":8,"column":4},"end":{"line":8,"column":null}},"1":{"start":{"line":12,"column":4},"end":{"line":14,"column":null}},"2":{"start":{"line":18,"column":4},"end":{"line":18,"column":null}}},"fnMap":{"0":{"name":"(anonymous_0)","decl":{"start":{"line":7,"column":10},"end":{"line":7,"column":22}},"loc":{"start":{"line":7,"column":37},"end":{"line":9,"column":null}}},"1":{"name":"(anonymous_1)","decl":{"start":{"line":11,"column":2},"end":{"line":11,"column":9}},"loc":{"start":{"line":11,"column":65},"end":{"line":15,"column":null}}},"2":{"name":"(anonymous_2)","decl":{"start":{"line":17,"column":2},"end":{"line":17,"column":9}},"loc":{"start":{"line":17,"column":33},"end":{"line":19,"column":null}}}},"branchMap":{"0":{"loc":{"start":{"line":12,"column":11},"end":{"line":14,"column":null}},"type":"cond-expr","locations":[{"start":{"line":13,"column":8},"end":{"line":13,"column":null}},{"start":{"line":14,"column":8},"end":{"line":14,"column":null}}]},"1":{"loc":{"start":{"line":18,"column":11},"end":{"line":18,"column":null}},"type":"binary-expr","locations":[{"start":{"line":18,"column":11},"end":{"line":18,"column":39}},{"start":{"line":18,"column":39},"end":{"line":18,"column":null}}]}},"s":{"0":1,"1":2,"2":7},"f":{"0":1,"1":2,"2":7},"b":{"0":[1,1],"1":[7,4]}}
,"/home/marcelo/Desenvolvimento/Projetos/javascript/otavio-lemos/thewisepad-core/src/entities/user.ts": {"path":"/home/marcelo/Desenvolvimento/Projetos/javascript/otavio-lemos/thewisepad-core/src/entities/user.ts","statementMap":{"0":{"start":{"line":10,"column":4},"end":{"line":10,"column":null}},"1":{"start":{"line":14,"column":25},"end":{"line":14,"column":null}},"2":{"start":{"line":16,"column":4},"end":{"line":18,"column":null}},"3":{"start":{"line":17,"column":6},"end":{"line":17,"column":null}},"4":{"start":{"line":20,"column":18},"end":{"line":20,"column":null}},"5":{"start":{"line":22,"column":4},"end":{"line":22,"column":null}}},"fnMap":{"0":{"name":"(anonymous_0)","decl":{"start":{"line":9,"column":10},"end":{"line":9,"column":22}},"loc":{"start":{"line":9,"column":36},"end":{"line":11,"column":null}}},"1":{"name":"(anonymous_1)","decl":{"start":{"line":13,"column":2},"end":{"line":13,"column":16}},"loc":{"start":{"line":13,"column":76},"end":{"line":23,"column":null}}}},"branchMap":{"0":{"loc":{"start":{"line":16,"column":4},"end":{"line":18,"column":null}},"type":"if","locations":[{"start":{"line":16,"column":4},"end":{"line":18,"column":null}},{"start":{"line":16,"column":4},"end":{"line":18,"column":null}}]}},"s":{"0":3,"1":4,"2":4,"3":1,"4":3,"5":3},"f":{"0":3,"1":4},"b":{"0":[1,3]}}
,"/home/marcelo/Desenvolvimento/Projetos/javascript/otavio-lemos/thewisepad-core/src/shared/either.ts": {"path":"/home/marcelo/Desenvolvimento/Projetos/javascript/otavio-lemos/thewisepad-core/src/shared/either.ts","statementMap":{"0":{"start":{"line":5,"column":4},"end":{"line":5,"column":null}},"1":{"start":{"line":9,"column":4},"end":{"line":9,"column":null}},"2":{"start":{"line":13,"column":4},"end":{"line":13,"column":null}},"3":{"start":{"line":21,"column":4},"end":{"line":21,"column":null}},"4":{"start":{"line":25,"column":4},"end":{"line":25,"column":null}},"5":{"start":{"line":29,"column":4},"end":{"line":29,"column":null}},"6":{"start":{"line":35,"column":20},"end":{"line":37,"column":null}},"7":{"start":{"line":36,"column":2},"end":{"line":36,"column":null}},"8":{"start":{"line":39,"column":21},"end":{"line":41,"column":null}},"9":{"start":{"line":40,"column":2},"end":{"line":40,"column":null}}},"fnMap":{"0":{"name":"(anonymous_0)","decl":{"start":{"line":4,"column":2},"end":{"line":4,"column":14}},"loc":{"start":{"line":4,"column":24},"end":{"line":6,"column":null}}},"1":{"name":"(anonymous_1)","decl":{"start":{"line":8,"column":2},"end":{"line":8,"column":31}},"loc":{"start":{"line":8,"column":31},"end":{"line":10,"column":null}}},"2":{"name":"(anonymous_2)","decl":{"start":{"line":12,"column":2},"end":{"line":12,"column":33}},"loc":{"start":{"line":12,"column":33},"end":{"line":14,"column":null}}},"3":{"name":"(anonymous_3)","decl":{"start":{"line":20,"column":2},"end":{"line":20,"column":14}},"loc":{"start":{"line":20,"column":24},"end":{"line":22,"column":null}}},"4":{"name":"(anonymous_4)","decl":{"start":{"line":24,"column":2},"end":{"line":24,"column":31}},"loc":{"start":{"line":24,"column":31},"end":{"line":26,"column":null}}},"5":{"name":"(anonymous_5)","decl":{"start":{"line":28,"column":2},"end":{"line":28,"column":33}},"loc":{"start":{"line":28,"column":33},"end":{"line":30,"column":null}}},"6":{"name":"(anonymous_6)","decl":{"start":{"line":35,"column":20},"end":{"line":35,"column":27}},"loc":{"start":{"line":35,"column":50},"end":{"line":37,"column":null}}},"7":{"name":"(anonymous_7)","decl":{"start":{"line":39,"column":21},"end":{"line":39,"column":28}},"loc":{"start":{"line":39,"column":51},"end":{"line":41,"column":null}}}},"branchMap":{},"s":{"0":6,"1":2,"2":0,"3":8,"4":4,"5":0,"6":4,"7":6,"8":4,"9":8},"f":{"0":6,"1":2,"2":0,"3":8,"4":4,"5":0,"6":6,"7":8},"b":{}}
}
